This is pdfeTeX, Version 3.141592-1.21a-2.2 (Web2C 7.5.4) (format=pdflatex 2006.11.27)  12 AUG 2007 12:02
entering extended mode
**main
(./main.tex
LaTeX2e <2003/12/01>
Babel <v3.8d> and hyphenation patterns for american, french, german, ngerman, b
ahasa, basque, bulgarian, catalan, croatian, czech, danish, dutch, esperanto, e
stonian, finnish, greek, icelandic, irish, italian, latin, magyar, norsk, polis
h, portuges, romanian, russian, serbian, slovak, slovene, spanish, swedish, tur
kish, ukrainian, nohyphenation, loaded.
(/usr/share/texmf/tex/latex/koma-script/scrbook.cls
Document Class: scrbook 2004/09/16 v2.9t LaTeX2e KOMA document class
(/usr/share/texmf/tex/latex/koma-script/scrlfile.sty
Package: scrlfile 2004/09/16 v2.9t LaTeX2e KOMA package

Package scrlfile, 2004/09/16 v2.9t LaTeX2e KOMA package
                  Copyright (C) Markus Kohm

) (/usr/share/texmf/tex/latex/base/bk11.clo
File: bk11.clo 2004/02/16 v1.4f Standard LaTeX file (size option)
)
(/usr/share/texmf/tex/latex/koma-script/typearea.sty
Package: typearea 2004/09/16 v2.9t LaTeX2e KOMA package

Package typearea, 2004/09/16 v2.9t LaTeX2e KOMA package
                  Copyright (C) Frank Neukam, 1992-1994
                  Copyright (C) Markus Kohm, 1994-2002

\ta@bcor=\skip41
\ta@div=\count79
\ta@hblk=\skip42
\ta@vblk=\skip43
\ta@temp=\skip44
Package typearea Info: These are the values describing the layout:
(typearea)             DIV  = 10
(typearea)             BCOR = 0.0pt
(typearea)             \paperwidth      = 597.50793pt
(typearea)              \textwidth      = 418.25555pt
(typearea)              \columnwidth    = 0.0pt
(typearea)              \columnsep      = 0.0pt
(typearea)              DIV-departure   = -6/100
(typearea)              \evensidemargin = 47.2316pt
(typearea)              \oddsidemargin  = -12.5192pt
(typearea)             \paperheight     = 845.04694pt
(typearea)              \textheight     = 595.80026pt
(typearea)              \topmargin      = -25.16531pt
(typearea)              \headheight     = 17.0pt
(typearea)              \headsep        = 20.40001pt
(typearea)              \topskip        = 11.0pt
(typearea)              \footskip       = 47.60002pt
(typearea)              \baselineskip   = 13.6pt
(typearea)              on input line 633.
)
\c@part=\count80
\c@chapter=\count81
\c@section=\count82
\c@subsection=\count83
\c@subsubsection=\count84
\c@paragraph=\count85
\c@subparagraph=\count86
\c@figure=\count87
\c@table=\count88
\abovecaptionskip=\skip45
\belowcaptionskip=\skip46
\c@pti@nb@sid@b@x=\box26
\bibindent=\dimen102
) (./header.tex (/usr/share/texmf/tex/latex/listings/listings.sty
(/usr/share/texmf/tex/latex/graphics/keyval.sty
Package: keyval 1999/03/16 v1.13 key=value parser (DPC)
\KV@toks@=\toks14
)
\lst@mode=\count89
\lst@gtempboxa=\box27
\lst@token=\toks15
\lst@length=\count90
\lst@currlwidth=\dimen103
\lst@column=\count91
\lst@pos=\count92
\lst@lostspace=\dimen104
\lst@width=\dimen105
\lst@newlines=\count93
\lst@lineno=\count94
\c@lstlisting=\count95
\lst@maxwidth=\dimen106

(/usr/share/texmf/tex/latex/listings/lstpatch.sty
File: lstpatch.sty 2004/10/17 1.3b (Carsten Heinz)
)
(/usr/share/texmf/tex/latex/listings/lstmisc.sty
File: lstmisc.sty 2004/09/07 1.3 (Carsten Heinz)
\c@lstnumber=\count96
\lst@skipnumbers=\count97
\lst@framebox=\box28
)
(/usr/share/texmf/tex/latex/listings/listings.cfg
File: listings.cfg 2004/09/05 1.3 listings configuration
))
Package: listings 2004/10/17 1.3b (Carsten Heinz)

(/usr/share/texmf/tex/latex/graphics/color.sty
Package: color 1999/02/16 v1.0i Standard LaTeX Color (DPC)

(/usr/share/texmf/tex/latex/graphics/color.cfg
File: color.cfg 2005/02/03 v1.3 color configuration of teTeX/TeXLive
)
Package color Info: Driver file: pdftex.def on input line 125.

(/usr/share/texmf/tex/latex/graphics/pdftex.def
File: pdftex.def 2002/06/19 v0.03k graphics/color for pdftex
\Gread@gobject=\count98
))
\@input{frs-showpic-pdf.aux}
\openout2 = `frs-showpic-pdf.aux'.

(/home/fschaef/prj/Documents/TeX-Library/frs-showpic-pdf.tex
(/usr/share/texmf/tex/latex/graphics/graphicx.sty
Package: graphicx 1999/02/16 v1.0f Enhanced LaTeX Graphics (DPC,SPQR)

(/usr/share/texmf/tex/latex/graphics/graphics.sty
Package: graphics 2001/07/07 v1.0n Standard LaTeX Graphics (DPC,SPQR)

(/usr/share/texmf/tex/latex/graphics/trig.sty
Package: trig 1999/03/16 v1.09 sin cos tan (DPC)
)
(/usr/share/texmf/tex/latex/graphics/graphics.cfg
File: graphics.cfg 2005/02/03 v1.3 graphics configuration of teTeX/TeXLive
)
Package graphics Info: Driver file: pdftex.def on input line 80.
)
\Gin@req@height=\dimen107
\Gin@req@width=\dimen108
)
(/usr/share/texmf/tex/latex/rotating/rotating.sty
Package: rotating 1997/09/26 v2.13 Rotation package

(/usr/share/texmf/tex/latex/base/ifthen.sty
Package: ifthen 2001/05/26 v1.1c Standard LaTeX ifthen package (DPC)
)
\c@r@tfl@t=\count99
\rot@float@box=\box29
)
\xtextwidth=\skip47
\xcolwidth=\skip48
\xhalfcolwidth=\skip49
\xthirdcolwidth=\skip50
)
(/usr/share/texmf/tex/latex/listings/lstlang1.sty
File: lstlang1.sty 2004/09/05 1.3 listings language file
)
(/usr/share/texmf/tex/latex/listings/lstlang1.sty
File: lstlang1.sty 2004/09/05 1.3 listings language file
)
(/usr/share/texmf/tex/latex/listings/lstmisc.sty
File: lstmisc.sty 2004/09/07 1.3 (Carsten Heinz)
)) (./main.aux)
\openout1 = `main.aux'.

LaTeX Font Info:    Checking defaults for OML/cmm/m/it on input line 25.
LaTeX Font Info:    ... okay on input line 25.
LaTeX Font Info:    Checking defaults for T1/cmr/m/n on input line 25.
LaTeX Font Info:    ... okay on input line 25.
LaTeX Font Info:    Checking defaults for OT1/cmr/m/n on input line 25.
LaTeX Font Info:    ... okay on input line 25.
LaTeX Font Info:    Checking defaults for OMS/cmsy/m/n on input line 25.
LaTeX Font Info:    ... okay on input line 25.
LaTeX Font Info:    Checking defaults for OMX/cmex/m/n on input line 25.
LaTeX Font Info:    ... okay on input line 25.
LaTeX Font Info:    Checking defaults for U/cmr/m/n on input line 25.
LaTeX Font Info:    ... okay on input line 25.
LaTeX Font Info:    External font `cmex10' loaded for size
(Font)              <24.88> on input line 30.
LaTeX Font Info:    External font `cmex10' loaded for size
(Font)              <20.74> on input line 30.
LaTeX Font Info:    External font `cmex10' loaded for size
(Font)              <17.28> on input line 30.
LaTeX Font Info:    External font `cmex10' loaded for size
(Font)              <14.4> on input line 30.
LaTeX Font Info:    External font `cmex10' loaded for size
(Font)              <7> on input line 30.
 [1




{/var/lib/texmf/fonts/map/pdftex/updmap/pdftex.map}] [2

] (./main.toc
LaTeX Font Info:    External font `cmex10' loaded for size
(Font)              <10.95> on input line 2.
LaTeX Font Info:    External font `cmex10' loaded for size
(Font)              <8> on input line 2.
LaTeX Font Info:    External font `cmex10' loaded for size
(Font)              <6> on input line 2.
 [3

])
\tf@toc=\write3
\openout3 = `main.toc'.


Overfull \vbox (9.51996pt too high) has occurred while \output is active []


[4]
Chapter 1.
(./intro/intro.tex
<figures/lexical-analysis-process.png, id=38, 1477.99236pt x 487.46823pt>
File: figures/lexical-analysis-process.png Graphic file (type png)

<use figures/lexical-analysis-process.png>
LaTeX Font Info:    Try loading font information for OMS+cmr on input line 33.

(/usr/share/texmf/tex/latex/base/omscmr.fd
File: omscmr.fd 1999/05/25 v2.5h Standard LaTeX font definitions
)
LaTeX Font Info:    Font shape `OMS/cmr/m/n' in size <10.95> not available
(Font)              Font shape `OMS/cmsy/m/n' tried instead on input line 33.
 [5

 <./figures/lexical-analysis-process.png>]) (./intro/installation.tex
Overfull \vbox (9.51996pt too high) has occurred while \output is active []


[6]) (./intro/license.tex
Overfull \vbox (9.51996pt too high) has occurred while \output is active []


[7]) (./intro/naming.tex
LaTeX Font Info:    External font `cmex10' loaded for size
(Font)              <9> on input line 15.
LaTeX Font Info:    External font `cmex10' loaded for size
(Font)              <5> on input line 15.
)
Overfull \vbox (9.51996pt too high) has occurred while \output is active []


[8]
Chapter 2.
(./basics/intro.tex) (./basics/pattern-matching.tex
<figures/pattern-state-machine.png, id=76, 853.1875pt x 221.82875pt>
File: figures/pattern-state-machine.png Graphic file (type png)

<use figures/pattern-state-machine.png> [9

 <./figures/pattern-state-machine.png>]) (./basics/token-queue.tex
Overfull \vbox (9.51996pt too high) has occurred while \output is active []


[10] <figures/token-queue.png, id=86, 1159.15411pt x 590.91353pt>
File: figures/token-queue.png Graphic file (type png)

<use figures/token-queue.png>) (./basics/modes.tex
Overfull \vbox (9.51996pt too high) has occurred while \output is active []


[11]) (./basics/mode-inheritance.tex
Overfull \vbox (9.51996pt too high) has occurred while \output is active []


[12 <./figures/token-queue.png>]
<figures/mode-inheritance.png, id=93, 918.25412pt x 558.32118pt>
File: figures/mode-inheritance.png Graphic file (type png)

<use figures/mode-inheritance.png>)
Overfull \vbox (9.51996pt too high) has occurred while \output is active []


[13] (./basics/mode-transitions.tex
<figures/mode-transition.png, id=104, 1276.77pt x 425.11765pt>
File: figures/mode-transition.png Graphic file (type png)

<use figures/mode-transition.png>
Overfull \vbox (9.51996pt too high) has occurred while \output is active []


[14 <./figures/mode-inheritance.png>]
<figures/mode-transition-control.png, id=108, 980.6047pt x 314.58705pt>
File: figures/mode-transition-control.png Graphic file (type png)

<use figures/mode-transition-control.png>
Overfull \vbox (9.51996pt too high) has occurred while \output is active []


[15 <./figures/mode-transition.png> <./figures/mode-transition-control.png>])
(./basics/indentation.tex

LaTeX Warning: Citation `Safer2004' on page 16 undefined on input line 4.

<figures/indentation.png, id=112, 711.8595pt x 259.26863pt>
File: figures/indentation.png Graphic file (type png)

<use figures/indentation.png>
Overfull \vbox (9.51996pt too high) has occurred while \output is active []


[16 <./figures/indentation.png>]

LaTeX Warning: Reference `formal/patterns/context-dependent-pitfalls' on page 1
7 undefined on input line 74.


Overfull \hbox (1.18678pt too wide) in paragraph at lines 83--84
[][][][][][][][][][][][][][][][][][][][][][][][][][][][][][][][][][][][][][][] 

 []

) (./basics/line-column-counting.tex
Overfull \vbox (9.51996pt too high) has occurred while \output is active []


[17]) (./basics/summary.tex)
Overfull \vbox (9.51996pt too high) has occurred while \output is active []


[18]
Chapter 3.
(./practical/intro.tex) (./practical/patterns.tex

LaTeX Warning: Reference `fig:pattern-code' on page 19 undefined on input line 
6.

[19

]) (./practical/token-ids.tex) (./practical/modes.tex
Overfull \vbox (9.51996pt too high) has occurred while \output is active []


[20]
Overfull \hbox (9.8556pt too wide) in paragraph at lines 14--18
[]\tt PROGRAM\rm : In this mode, we de-tect pro-gram re-lated to-kens. It is de
-rived from \tt END[]OF[]FILE\rm .
 []

<figures/inheritance-modes.png, id=132, 735.45354pt x 365.60118pt>
File: figures/inheritance-modes.png Graphic file (type png)

<use figures/inheritance-modes.png>

LaTeX Warning: Reference `fig:mode-transition-example.png' on page 21 undefined
 on input line 38.

<figures/mode-transition-example.png, id=133, 478.96588pt x 172.88118pt>
File: figures/mode-transition-example.png Graphic file (type png)

<use figures/mode-transition-example.png>
LaTeX Font Info:    Try loading font information for OML+cmr on input line 52.

(/usr/share/texmf/tex/latex/base/omlcmr.fd
File: omlcmr.fd 1999/05/25 v2.5h Standard LaTeX font definitions
)
LaTeX Font Info:    Font shape `OML/cmr/m/n' in size <10.95> not available
(Font)              Font shape `OML/cmm/m/it' tried instead on input line 52.


LaTeX Warning: Reference `fig:example-mode-stubs' on page 21 undefined on input
 line 77.


Overfull \vbox (9.51996pt too high) has occurred while \output is active []


[21]
Overfull \vbox (9.51996pt too high) has occurred while \output is active []


[22 <./figures/inheritance-modes.png> <./figures/mode-transition-example.png>]
Overfull \vbox (9.51996pt too high) has occurred while \output is active []


[23]) (./practical/pattern-action-pairs.tex
Overfull \vbox (9.51996pt too high) has occurred while \output is active []


[24]
LaTeX Font Info:    Font shape `OMS/cmr/m/it' in size <10.95> not available
(Font)              Font shape `OMS/cmsy/m/n' tried instead on input line 129.

Overfull \hbox (18.88707pt too wide) in paragraph at lines 129--130
[][][][][][][][][][][][][] 
 []

) (./practical/calling-quex.tex
Underfull \vbox (badness 10000) has occurred while \output is active []


Overfull \vbox (9.51996pt too high) has occurred while \output is active []


[25]
Overfull \vbox (9.51996pt too high) has occurred while \output is active []


[26]
Overfull \vbox (9.51996pt too high) has occurred while \output is active []


[27]
Overfull \hbox (51.73741pt too wide) in paragraph at lines 94--95
[][][][][][][][][][][][][][][][][][][][][][][][][][][][][][] 
 []


Overfull \hbox (104.29796pt too wide) in paragraph at lines 103--104
[][][][][][][][][][][][] 
 []


Overfull \hbox (12.317pt too wide) in paragraph at lines 124--125
[][][][][][][][][][][][][][][][][][][][][][][][][][][][][][][][][][][] 
 []


Overfull \hbox (104.29796pt too wide) in paragraph at lines 125--127
[][][][][][][][][][][][] 
 []


LaTeX Warning: Float too large for page by 98.0653pt on input line 133.


Overfull \vbox (9.51996pt too high) has occurred while \output is active []


[28]
Overfull \vbox (9.51996pt too high) has occurred while \output is active []


[29]) (./practical/summary.tex
Overfull \vbox (9.51996pt too high) has occurred while \output is active []


[30])
Overfull \vbox (9.51996pt too high) has occurred while \output is active []


[31]
Overfull \vbox (9.51996pt too high) has occurred while \output is active []


[32

]
Chapter 4.
(./formal/intro.tex

LaTeX Warning: Reference `sec:formal/generated-class' on page 33 undefined on i
nput line 7.


LaTeX Warning: Reference `sec:formal/macros' on page 33 undefined on input line
 15.

) (./formal/patterns/intro.tex) (./formal/patterns/context-free.tex [33]
Overfull \vbox (9.51996pt too high) has occurred while \output is active []


[34]) (./formal/patterns/context-free-pitfalls.tex
Overfull \vbox (9.51996pt too high) has occurred while \output is active []


[35]) (./formal/patterns/context-dependent.tex
Overfull \vbox (9.51996pt too high) has occurred while \output is active []


[36]) (./formal/patterns/context-dependent-pitfalls.tex
Overfull \vbox (9.51996pt too high) has occurred while \output is active []


[37]

LaTeX Warning: Reference `formal/patterns/context-free-pitfalls' on page 38 und
efined on input line 59.

) (./basics/start-mode.tex
Overfull \vbox (9.51996pt too high) has occurred while \output is active []


[38]) (./formal/modes.tex) (./formal/pattern-action.tex
Overfull \vbox (9.51996pt too high) has occurred while \output is active []


[39]
Overfull \vbox (9.51996pt too high) has occurred while \output is active []


[40]) (./formal/pattern-action-shortcuts.tex
Overfull \vbox (9.51996pt too high) has occurred while \output is active []


[41]
Overfull \vbox (9.51996pt too high) has occurred while \output is active []


[42]) (./formal/pattern-action-priorities.tex
<figures/pattern-priorities.png, id=203, 926.75647pt x 790.71883pt>
File: figures/pattern-priorities.png Graphic file (type png)

<use figures/pattern-priorities.png>
Overfull \vbox (9.51996pt too high) has occurred while \output is active []


[43]
Overfull \vbox (9.51996pt too high) has occurred while \output is active []


[44 <./figures/pattern-priorities.png>]
<figures/resolve-priority-mark.png, id=211, 865.2325pt x 262.9825pt>
File: figures/resolve-priority-mark.png Graphic file (type png)

<use figures/resolve-priority-mark.png>) (./formal/match_event.tex
Underfull \vbox (badness 10000) has occurred while \output is active []


Overfull \vbox (9.51996pt too high) has occurred while \output is active []


[45]
Overfull \hbox (1.18678pt too wide) in paragraph at lines 26--27
[][][][][][][][][][][][][] 
 []

) (./formal/mode-transitions.tex
Overfull \vbox (9.51996pt too high) has occurred while \output is active []


[46 <./figures/resolve-priority-mark.png>])
(./formal/mode-transitions-caveat.tex) (./formal/indentation-events.tex
Overfull \vbox (9.51996pt too high) has occurred while \output is active []


[47]) (./formal/generated-class/intro.tex
Overfull \vbox (9.51996pt too high) has occurred while \output is active []


[48]) (./formal/generated-class/ui.tex
Overfull \vbox (9.51996pt too high) has occurred while \output is active []


[49]) (./formal/generated-class/mode-handling.tex
Overfull \hbox (1.18678pt too wide) in paragraph at lines 43--44
[][][][][][][][][][][][][][][][][][][][][] 
 []


Overfull \vbox (9.51996pt too high) has occurred while \output is active []


[50]) (./formal/generated-class/mode-objects.tex
Overfull \vbox (9.51996pt too high) has occurred while \output is active []


[51]
Overfull \hbox (60.58739pt too wide) in paragraph at lines 26--27
[][][][][][][][][][][][][][][][][][][][][][][][][][][][][][][][][][] 
 []

) (./formal/generated-class/token-handling.tex
Overfull \hbox (27.58705pt too wide) in paragraph at lines 10--11
[][][][][][][][][][][][][][][][][][][][][][][][][][][][] 
 []


Overfull \hbox (47.38725pt too wide) in paragraph at lines 11--12
[][][][][][][][][][][][][][][][][][][][][][][][][][][][][] 
 []


Overfull \hbox (53.98732pt too wide) in paragraph at lines 12--13
[][][][][][][][][][][][][][][][][][][][][][][][][][][][] 
 []

) (./formal/generated-class/accumulator.tex)
(./formal/generated-class/class-body-extension.tex
Overfull \vbox (9.51996pt too high) has occurred while \output is active []


[52]) (./formal/generated-class/constructor-extension.tex
Overfull \vbox (9.51996pt too high) has occurred while \output is active []


[53]
Overfull \hbox (7.78685pt too wide) in paragraph at lines 21--22
[][][][][][][][][][][][][][][][][][][][][][][][][][][][][] 
 []

) (./formal/generated-class/virtual-functions.tex)
(./formal/character-encoding/intro.tex
Overfull \vbox (9.51996pt too high) has occurred while \output is active []


[54] <figures/character-encoding.png, id=246, 1533.93076pt x 998.22937pt>
File: figures/character-encoding.png Graphic file (type png)

<use figures/character-encoding.png>

LaTeX Warning: Reference `fig:character-encodings' on page 55 undefined on inpu
t line 27.


Overfull \vbox (9.51996pt too high) has occurred while \output is active []


[55 <./figures/character-encoding.png>]
Overfull \hbox (73.78752pt too wide) in paragraph at lines 59--60
[][][][][][][][][][][][][][][][][][][][][][][][][][][][][][][][][] 
 []

) (./formal/pasting-header.tex) (./formal/derivation.tex
Overfull \vbox (9.51996pt too high) has occurred while \output is active []


[56]) (./formal/user-token-class.tex
Overfull \vbox (9.51996pt too high) has occurred while \output is active []


[57]) (./formal/code-sections.tex
Overfull \vbox (9.51996pt too high) has occurred while \output is active []


[58]) (./formal/macro.tex
Overfull \vbox (9.51996pt too high) has occurred while \output is active []


[59]) (./formal/command-line-options.tex
Overfull \vbox (9.51996pt too high) has occurred while \output is active []


[60]
Overfull \vbox (9.51996pt too high) has occurred while \output is active []


[61])
Overfull \vbox (9.51996pt too high) has occurred while \output is active []


[62]
Appendix A.
LaTeX Font Info:    External font `cmex10' loaded for size
(Font)              <12> on input line 160.
(./inside-quex/intro.tex) (./inside-quex/intro/intro.tex [63

])
(./inside-quex/intro/the-big-picture.tex
<figures/pattern-bank.png, id=276, 1004.553pt x 458.01112pt>
File: figures/pattern-bank.png Graphic file (type png)

<use figures/pattern-bank.png>
Overfull \vbox (9.51996pt too high) has occurred while \output is active []


[64] <figures/pattern-bank-merged.pdf, id=283, 510.90875pt x 280.04625pt>
File: figures/pattern-bank-merged.pdf Graphic file (type pdf)

<use figures/pattern-bank-merged.pdf>
Overfull \vbox (9.51996pt too high) has occurred while \output is active []


[65 <./figures/pattern-bank.png>]) (./inside-quex/intro/post-conditions.tex
<figures/post-conditions-patterns.pdf, id=287, 627.34375pt x 249.93375pt>
File: figures/post-conditions-patterns.pdf Graphic file (type pdf)

<use figures/post-conditions-patterns.pdf>
Overfull \vbox (9.51996pt too high) has occurred while \output is active []


[66 <./figures/pattern-bank-merged.pdf>]
<figures/post-conditions-patterns-sequence.pdf, id=297, 443.55713pt x 212.29312
pt>
File: figures/post-conditions-patterns-sequence.pdf Graphic file (type pdf)
 <use figures/post-conditions-patterns-sequence.pdf>
<figures/post-conditions-patterns-merged.pdf, id=298, 664.884pt x 220.4235pt>
File: figures/post-conditions-patterns-merged.pdf Graphic file (type pdf)

<use figures/post-conditions-patterns-merged.pdf>)
(./inside-quex/intro/pre-conditions.tex
Overfull \vbox (9.51996pt too high) has occurred while \output is active []


[67 <./figures/post-conditions-patterns.pdf>]
Overfull \vbox (9.51996pt too high) has occurred while \output is active []


[68 <./figures/post-conditions-patterns-sequence.pdf> <./figures/post-condition
s-patterns-merged.pdf>]) (./inside-quex/intro/generation-steps.tex
Overfull \vbox (9.51996pt too high) has occurred while \output is active []


[69]

LaTeX Warning: Reference `sec:inside-quex/labeling-states.tex' on page 70 undef
ined on input line 37.


LaTeX Warning: Reference `sec:inside-quex/labeling-states.tex' on page 70 undef
ined on input line 37.


LaTeX Warning: Reference `' on page 70 undefined on input line 62.


LaTeX Warning: Reference `' on page 70 undefined on input line 62.

) (./inside-quex/thomson-construction/intro.tex
Overfull \vbox (9.51996pt too high) has occurred while \output is active []


[70]) (./inside-quex/thomson-construction/serial.tex
<figures/pattern-sequentialize.pdf, id=318, 752.8125pt x 319.1925pt>
File: figures/pattern-sequentialize.pdf Graphic file (type pdf)

<use figures/pattern-sequentialize.pdf>)
Overfull \vbox (9.51996pt too high) has occurred while \output is active []


[71 <./figures/pattern-sequentialize.pdf>]
(./inside-quex/thomson-construction/parallel.tex

LaTeX Warning: Reference `sec:thomson-construction/serial' on page 72 undefined
 on input line 10.

<figures/pattern-parallelize.pdf, id=330, 630.55576pt x 225.84375pt>
File: figures/pattern-parallelize.pdf Graphic file (type pdf)

<use figures/pattern-parallelize.pdf>)
(./inside-quex/thomson-construction/repetition.tex
Overfull \vbox (9.51996pt too high) has occurred while \output is active []


[72 <./figures/pattern-parallelize.pdf>]
<figures/pattern-repeat-kleene-closure.pdf, id=334, 624.3325pt x 146.5475pt>
File: figures/pattern-repeat-kleene-closure.pdf Graphic file (type pdf)

<use figures/pattern-repeat-kleene-closure.pdf>
Overfull \vbox (9.51996pt too high) has occurred while \output is active []


[73 <./figures/pattern-repeat-kleene-closure.pdf>])
(./inside-quex/labeling-states.tex
Overfull \vbox (9.51996pt too high) has occurred while \output is active []


[74]
Overfull \vbox (9.51996pt too high) has occurred while \output is active []


[75]) (./inside-quex/NFA-to-DFA.tex
<figures/epsilon-closure.pdf, id=353, 755.2215pt x 436.33012pt>
File: figures/epsilon-closure.pdf Graphic file (type pdf)

<use figures/epsilon-closure.pdf>
<figures/NFA-to-DFA-transitions.pdf, id=354, 640.49287pt x 448.074pt>
File: figures/NFA-to-DFA-transitions.pdf Graphic file (type pdf)

<use figures/NFA-to-DFA-transitions.pdf>
Overfull \vbox (9.51996pt too high) has occurred while \output is active []


[76]
<figures/NFA-to-DFA-trigger-history.pdf, id=358, 543.83176pt x 157.18726pt>
File: figures/NFA-to-DFA-trigger-history.pdf Graphic file (type pdf)

<use figures/NFA-to-DFA-trigger-history.pdf>
Underfull \vbox (badness 10000) has occurred while \output is active []


Overfull \vbox (9.51996pt too high) has occurred while \output is active []


[77 <./figures/epsilon-closure.pdf>]
Overfull \vbox (9.51996pt too high) has occurred while \output is active []


[78 <./figures/NFA-to-DFA-transitions.pdf> <./figures/NFA-to-DFA-trigger-histor
y.pdf>]

LaTeX Warning: Reference `sec:character-range-representation' on page 79 undefi
ned on input line 94.


LaTeX Warning: Reference `fig:NFA-to-ranges' on page 79 undefined on input line
 107.


LaTeX Warning: Reference `' on page 79 undefined on input line 134.


LaTeX Warning: Reference `' on page 79 undefined on input line 134.


LaTeX Warning: Reference `priviledged-patterns' on page 79 undefined on input l
ine 145.


Overfull \vbox (9.51996pt too high) has occurred while \output is active []


[79]) (./inside-quex/hopcroft-optimization.tex
<figures/hopcroft-before.pdf, id=369, 256.96pt x 256.96pt>
File: figures/hopcroft-before.pdf Graphic file (type pdf)

<use figures/hopcroft-before.pdf>
<figures/hopcroft-after.pdf, id=370, 256.96pt x 256.96pt>
File: figures/hopcroft-after.pdf Graphic file (type pdf)

<use figures/hopcroft-after.pdf>
Overfull \hbox (2.02121pt too wide) in paragraph at lines 17--17
[][]   [] 
 []


Overfull \vbox (9.51996pt too high) has occurred while \output is active []


[80] <figures/hopcroft-2-before.pdf, id=377, 256.96pt x 256.96pt>
File: figures/hopcroft-2-before.pdf Graphic file (type pdf)

<use figures/hopcroft-2-before.pdf>
<figures/hopcroft-2-after.pdf, id=378, 256.96pt x 256.96pt>
File: figures/hopcroft-2-after.pdf Graphic file (type pdf)

<use figures/hopcroft-2-after.pdf>
Overfull \hbox (2.02121pt too wide) in paragraph at lines 44--44
[][]   [] 
 []


LaTeX Warning: Reference `dominating-pattern' on page 81 undefined on input lin
e 64.


LaTeX Warning: Reference `dominating-pattern' on page 81 undefined on input lin
e 64.


Underfull \vbox (badness 10000) has occurred while \output is active []


Overfull \vbox (9.51996pt too high) has occurred while \output is active []


[81 <./figures/hopcroft-before.pdf, page is rotated 270 degrees> <./figures/hop
croft-after.pdf, page is rotated 270 degrees>]
Overfull \hbox (34.18712pt too wide) in paragraph at lines 82--83
[][][][][][][][][][][][][][][][][][][][][][][]
 []


Overfull \hbox (34.18712pt too wide) in paragraph at lines 83--84
[][][][][][][][][][][][][][][][][][][][][][][][][]
 []


Overfull \vbox (9.51996pt too high) has occurred while \output is active []


[82 <./figures/hopcroft-2-before.pdf, page is rotated 270 degrees> <./figures/h
opcroft-2-after.pdf, page is rotated 270 degrees>]

LaTeX Warning: Reference `' on page 83 undefined on input line 111.

) (./inside-quex/code-generation/core.tex
Overfull \vbox (9.51996pt too high) has occurred while \output is active []


[83]
Overfull \hbox (265.18947pt too wide) in paragraph at lines 64--65
[][][][][][][][][][][][] 
 []


Overfull \hbox (205.78886pt too wide) in paragraph at lines 68--69
[][][][][][][][][][][][][][][][] 
 []


Overfull \hbox (14.38692pt too wide) in paragraph at lines 69--71
[][][][][][][][][][][][][][][][][] 
 []


Overfull \hbox (20.98698pt too wide) in paragraph at lines 71--72
[][][][][][][][][][][][][][][][][][][][][][][][][][] 
 []


Overfull \hbox (258.5894pt too wide) in paragraph at lines 72--73
[][][][][][][][][][][][][][][][][][][][] 
 []


Overfull \hbox (258.5894pt too wide) in paragraph at lines 73--74
[][][][][][][][][][][][][][][][][][][][] 
 []


Overfull \hbox (258.5894pt too wide) in paragraph at lines 74--75
[][][][][][][][][][][][][][][][][][][][] 
 []


Overfull \hbox (265.18947pt too wide) in paragraph at lines 84--85
[][][][][][][][][][][][][][][][] 
 []


Overfull \hbox (265.18947pt too wide) in paragraph at lines 88--89
[][][][][][][][][][][][][][][][][][][][] 
 []


Overfull \vbox (9.51996pt too high) has occurred while \output is active []


[84]) (./inside-quex/code-generation/header.tex
Overfull \vbox (9.51996pt too high) has occurred while \output is active []


[85]) (./inside-quex/code-generation/state-transitions.tex

LaTeX Warning: Reference `' on page 86 undefined on input line 8.


LaTeX Warning: Reference `' on page 86 undefined on input line 9.


Overfull \vbox (9.51996pt too high) has occurred while \output is active []


[86]
Overfull \vbox (9.51996pt too high) has occurred while \output is active []


[87])
Overfull \vbox (9.51996pt too high) has occurred while \output is active []


[88]
Appendix B.
(./inside-quex/buffer/intro.tex
Overfull \hbox (6.79999pt too wide) in paragraph at lines 3--4
[] 
 []

<figures/basic-buffer.pdf, id=424, 395.4775pt x 169.63374pt>
File: figures/basic-buffer.pdf Graphic file (type pdf)

<use figures/basic-buffer.pdf> [89

 <./figures/basic-buffer.pdf>])
(./inside-quex/buffer/API.tex) (./inside-quex/buffer/mechanisms.tex
Overfull \vbox (9.51996pt too high) has occurred while \output is active []


[90] <figures/algorzthm.pdf, id=436, 710.655pt x 415.5525pt>
File: figures/algorzthm.pdf Graphic file (type pdf)

<use figures/algorzthm.pdf>) (./inside-quex/buffer/load.tex
Underfull \vbox (badness 10000) has occurred while \output is active []


Overfull \vbox (9.51996pt too high) has occurred while \output is active []


[91 <./figures/algorzthm.pdf>]
<figures/load-forward.pdf, id=445, 771.88374pt x 260.975pt>
File: figures/load-forward.pdf Graphic file (type pdf)

<use figures/load-forward.pdf>
<figures/load-backward.pdf, id=446, 771.88374pt x 266.9975pt>
File: figures/load-backward.pdf Graphic file (type pdf)

<use figures/load-backward.pdf>) (./inside-quex/buffer/constructor.tex
Overfull \vbox (9.51996pt too high) has occurred while \output is active []


[92 <./figures/load-forward.pdf>]

LaTeX Warning: Reference `sec:buffer/overflow' on page 93 undefined on input li
ne 11.

) (./inside-quex/buffer/input-methods.tex)
Overfull \vbox (9.51996pt too high) has occurred while \output is active []


[93 <./figures/load-backward.pdf>]
Overfull \vbox (9.51996pt too high) has occurred while \output is active []


[94] (./main.aux)

LaTeX Warning: There were undefined references.


LaTeX Warning: Label(s) may have changed. Rerun to get cross-references right.

 )
(\end occurred inside a group at level 1)

### simple group (level 1) entered at line 11 ({)
### bottom level 
Here is how much of TeX's memory you used:
 3899 strings out of 94499
 63962 string characters out of 1172809
 133793 words of memory out of 3500000
 6807 multiletter control sequences out of 10000+50000
 22011 words of font info for 60 fonts, out of 500000 for 2000
 580 hyphenation exceptions out of 1000
 37i,12n,68p,239b,1636s stack positions out of 1500i,500n,5000p,200000b,5000s
PDF statistics:
 467 PDF objects out of 300000
 0 named destinations out of 131072
 156 words of extra memory for PDF output out of 65536
</usr/share/texmf/fonts/type1/bluesky/cm/cmsy8.pfb></usr/share/
texmf/fonts/type1/bluesky/cm/cmmi6.pfb></usr/share/texmf/fonts/type1/bluesky/cm
/cmsy9.pfb></usr/share/texmf/fonts/type1/bluesky/cm/cmti10.pfb></usr/share/texm
f/fonts/type1/bluesky/cm/cmmi8.pfb>{/usr/share/texmf/fonts/enc/dvips/psnfss/8r.
enc}</usr/share/texmf/fonts/type1/urw/helvetic/uhvb8a.pfb></usr/share/texmf/fon
ts/type1/bluesky/cm/cmss10.pfb></usr/share/texmf/fonts/type1/bluesky/cm/cmmi9.p
fb></usr/share/texmf/fonts/type1/bluesky/cm/cmr9.pfb></usr/share/texmf/fonts/ty
pe1/bluesky/cm/cmr6.pfb></usr/share/texmf/fonts/type1/bluesky/cm/cmr8.pfb></usr
/share/texmf/fonts/type1/bluesky/cm/cmtt10.pfb></usr/share/texmf/fonts/type1/bl
uesky/cm/cmbx10.pfb></usr/share/texmf/fonts/type1/bluesky/cm/cmsy10.pfb></usr/s
hare/texmf/fonts/type1/urw/helvetic/uhvro8a.pfb></usr/share/texmf/fonts/type1/b
luesky/cm/cmmi10.pfb></usr/share/texmf/fonts/type1/bluesky/cm/cmsl10.pfb></usr/
share/texmf/fonts/type1/bluesky/cm/cmtt12.pfb></usr/share/texmf/fonts/type1/blu
esky/cm/cmr10.pfb></usr/share/texmf/fonts/type1/bluesky/cm/cmr12.pfb></usr/shar
e/texmf/fonts/type1/urw/helvetic/uhvr8a.pfb></usr/share/texmf/fonts/type1/blues
ky/cm/cmmi12.pfb></usr/share/texmf/fonts/type1/bluesky/cm/cmssbx10.pfb>
Output written on main.pdf (94 pages, 718463 bytes).
